#
# A fatal error has been detected by the Java Runtime Environment:
#
#  Internal Error (classFileParser.cpp:3494), pid=6176, tid=4620
#  Error: ShouldNotReachHere()
#
# JRE version: 6.0_32-b05
# Java VM: Java HotSpot(TM) 64-Bit Server VM (20.7-b02 mixed mode windows-amd64 compressed oops)
# If you would like to submit a bug report, please visit:
#   http://java.sun.com/webapps/bugreport/crash.jsp
#

---------------  T H R E A D  ---------------

Current thread (0x000000000038c800):  JavaThread "Unknown thread" [_thread_in_vm, id=4620, stack(0x0000000002050000,0x0000000002150000)]

Stack: [0x0000000002050000,0x0000000002150000]
[error occurred during error reporting (printing stack bounds), id 0xc0000005]


---------------  P R O C E S S  ---------------

Java Threads: ( => current thread )

Other Threads:

=>0x000000000038c800 (exited) JavaThread "Unknown thread" [_thread_in_vm, id=4620, stack(0x0000000002050000,0x0000000002150000)]

VM state:not at safepoint (not fully initialized)

VM Mutex/Monitor currently owned by a thread: None

Dynamic libraries:
0x0000000000400000 - 0x000000000042f000 	C:\Program Files\Java\jre6\bin\javaw.exe
0x0000000077c60000 - 0x0000000077e09000 	C:\Windows\SYSTEM32\ntdll.dll
0x0000000077a40000 - 0x0000000077b5f000 	C:\Windows\system32\kernel32.dll
0x000007fefdc20000 - 0x000007fefdc8c000 	C:\Windows\system32\KERNELBASE.dll
0x000007fefeae0000 - 0x000007fefebbb000 	C:\Windows\system32\ADVAPI32.dll
0x000007fefebf0000 - 0x000007fefec8f000 	C:\Windows\system32\msvcrt.dll
0x000007fefed00000 - 0x000007fefed1f000 	C:\Windows\SYSTEM32\sechost.dll
0x000007feffce0000 - 0x000007feffe0d000 	C:\Windows\system32\RPCRT4.dll
0x0000000077b60000 - 0x0000000077c5a000 	C:\Windows\system32\USER32.dll
0x000007fefec90000 - 0x000007fefecf7000 	C:\Windows\system32\GDI32.dll
0x000007fefdd40000 - 0x000007fefdd4e000 	C:\Windows\system32\LPK.dll
0x000007feffe10000 - 0x000007feffed9000 	C:\Windows\system32\USP10.dll
0x000007fefebc0000 - 0x000007fefebee000 	C:\Windows\system32\IMM32.DLL
0x000007feff6a0000 - 0x000007feff7a9000 	C:\Windows\system32\MSCTF.dll
0x000000006d800000 - 0x000000006dfb8000 	C:\Program Files\Java\jre6\bin\server\jvm.dll
0x000007fefd8c0000 - 0x000007fefd8fb000 	C:\Windows\system32\WINMM.dll
0x000000006d770000 - 0x000000006d77e000 	C:\Program Files\Java\jre6\bin\verify.dll
0x000000006d3b0000 - 0x000000006d3d7000 	C:\Program Files\Java\jre6\bin\java.dll
0x000000006d420000 - 0x000000006d454000 	C:\Program Files\Java\jre6\bin\jdwp.dll
0x000000006d640000 - 0x000000006d648000 	C:\Program Files\Java\jre6\bin\npt.dll
0x000000006d7c0000 - 0x000000006d7d2000 	C:\Program Files\Java\jre6\bin\zip.dll
0x0000000077e20000 - 0x0000000077e27000 	C:\Windows\system32\PSAPI.DLL

VM Arguments:
jvm_args: -agentlib:jdwp=transport=dt_socket,suspend=y,address=localhost:52545 -Dfile.encoding=utf-8 -Xbootclasspath:D:\°²×¿\android-sdk\platforms\android-16\android.jar 
java_command: com.Test
Launcher Type: SUN_STANDARD

Environment Variables:
JAVA_HOME=C:\Program Files\Java\jdk1.6.0_32
PATH=D:\oracle\product\10.2.0\client_1\bin;C:\Program Files (x86)\Intel\iCLS Client\;C:\Program Files\Intel\iCLS Client\;C:\Windows\system32;C:\Windows;C:\Windows\System32\Wbem;C:\Windows\System32\WindowsPowerShell\v1.0\;C:\Program Files (x86)\Intel\OpenCL SDK\2.0\bin\x86;C:\Program Files (x86)\Intel\OpenCL SDK\2.0\bin\x64;C:\Program Files\Intel\Intel(R) Management Engine Components\DAL;C:\Program Files\Intel\Intel(R) Management Engine Components\IPT;C:\Program Files (x86)\Intel\Intel(R) Management Engine Components\DAL;C:\Program Files (x86)\Intel\Intel(R) Management Engine Components\IPT;C:\Program Files\TortoiseSVN\bin;JAVA_HOME\jre\bin;C:\Program Files (x86)\Attachmate\Reflection\;D:\°²×¿\android-sdk\tools
USERNAME=Tracy
OS=Windows_NT
PROCESSOR_IDENTIFIER=Intel64 Family 6 Model 42 Stepping 7, GenuineIntel



---------------  S Y S T E M  ---------------

OS: Windows 7 , 64 bit Build 7601 Service Pack 1

CPU:total 4 (2 cores per cpu, 2 threads per core) family 6 model 42 stepping 7, cmov, cx8, fxsr, mmx, sse, sse2, sse3, ssse3, sse4.1, sse4.2, popcnt, ht

Memory: 4k page, physical 6004848k(2347052k free), swap 12007836k(7495244k free)

vm_info: Java HotSpot(TM) 64-Bit Server VM (20.7-b02) for windows-amd64 JRE (1.6.0_32-b05), built on Apr  5 2012 13:39:03 by "java_re" with MS VC++ 8.0 (VS2005)

time: Sat May 25 23:02:09 2013
elapsed time: 0 seconds

